2023-12-19 16:57:31,561 INFO    StreamThr :35879 [internal.py:wandb_internal():86] W&B internal server running at pid: 35879, started at: 2023-12-19 16:57:31.560479
2023-12-19 16:57:31,563 DEBUG   HandlerThread:35879 [handler.py:handle_request():144] handle_request: status
2023-12-19 16:57:31,575 INFO    WriterThread:35879 [datastore.py:open_for_write():85] open: /Users/rohanmehta/Desktop/ML Projects/GPT_nano/wandb/run-20231219_165731-9dxs49ih/run-9dxs49ih.wandb
2023-12-19 16:57:31,576 DEBUG   SenderThread:35879 [sender.py:send():379] send: header
2023-12-19 16:57:31,602 DEBUG   SenderThread:35879 [sender.py:send():379] send: run
2023-12-19 16:57:35,264 INFO    SenderThread:35879 [retry.py:__call__():172] Retry attempt failed:
Traceback (most recent call last):
  File "/Users/rohanmehta/anaconda3/envs/jax/lib/python3.11/site-packages/urllib3/connection.py", line 174, in _new_conn
    conn = connection.create_connection(
           ^^^^^^^^^^^^^^^^^^^^^^^^^^^^^
  File "/Users/rohanmehta/anaconda3/envs/jax/lib/python3.11/site-packages/urllib3/util/connection.py", line 72, in create_connection
    for res in socket.getaddrinfo(host, port, family, socket.SOCK_STREAM):
               ^^^^^^^^^^^^^^^^^^^^^^^^^^^^^^^^^^^^^^^^^^^^^^^^^^^^^^^^^^
  File "/Users/rohanmehta/anaconda3/envs/jax/lib/python3.11/socket.py", line 962, in getaddrinfo
    for res in _socket.getaddrinfo(host, port, family, type, proto, flags):
               ^^^^^^^^^^^^^^^^^^^^^^^^^^^^^^^^^^^^^^^^^^^^^^^^^^^^^^^^^^^
socket.gaierror: [Errno 8] nodename nor servname provided, or not known

During handling of the above exception, another exception occurred:

Traceback (most recent call last):
  File "/Users/rohanmehta/anaconda3/envs/jax/lib/python3.11/site-packages/urllib3/connectionpool.py", line 714, in urlopen
    httplib_response = self._make_request(
                       ^^^^^^^^^^^^^^^^^^^
  File "/Users/rohanmehta/anaconda3/envs/jax/lib/python3.11/site-packages/urllib3/connectionpool.py", line 403, in _make_request
    self._validate_conn(conn)
  File "/Users/rohanmehta/anaconda3/envs/jax/lib/python3.11/site-packages/urllib3/connectionpool.py", line 1053, in _validate_conn
    conn.connect()
  File "/Users/rohanmehta/anaconda3/envs/jax/lib/python3.11/site-packages/urllib3/connection.py", line 363, in connect
    self.sock = conn = self._new_conn()
                       ^^^^^^^^^^^^^^^^
  File "/Users/rohanmehta/anaconda3/envs/jax/lib/python3.11/site-packages/urllib3/connection.py", line 186, in _new_conn
    raise NewConnectionError(
urllib3.exceptions.NewConnectionError: <urllib3.connection.HTTPSConnection object at 0x11346d110>: Failed to establish a new connection: [Errno 8] nodename nor servname provided, or not known

During handling of the above exception, another exception occurred:

Traceback (most recent call last):
  File "/Users/rohanmehta/anaconda3/envs/jax/lib/python3.11/site-packages/requests/adapters.py", line 486, in send
    resp = conn.urlopen(
           ^^^^^^^^^^^^^
  File "/Users/rohanmehta/anaconda3/envs/jax/lib/python3.11/site-packages/urllib3/connectionpool.py", line 798, in urlopen
    retries = retries.increment(
              ^^^^^^^^^^^^^^^^^^
  File "/Users/rohanmehta/anaconda3/envs/jax/lib/python3.11/site-packages/urllib3/util/retry.py", line 592, in increment
    raise MaxRetryError(_pool, url, error or ResponseError(cause))
urllib3.exceptions.MaxRetryError: HTTPSConnectionPool(host='api.wandb.ai', port=443): Max retries exceeded with url: /graphql (Caused by NewConnectionError('<urllib3.connection.HTTPSConnection object at 0x11346d110>: Failed to establish a new connection: [Errno 8] nodename nor servname provided, or not known'))

During handling of the above exception, another exception occurred:

Traceback (most recent call last):
  File "/Users/rohanmehta/anaconda3/envs/jax/lib/python3.11/site-packages/wandb/sdk/lib/retry.py", line 131, in __call__
    result = self._call_fn(*args, **kwargs)
             ^^^^^^^^^^^^^^^^^^^^^^^^^^^^^^
  File "/Users/rohanmehta/anaconda3/envs/jax/lib/python3.11/site-packages/wandb/sdk/internal/internal_api.py", line 323, in execute
    return self.client.execute(*args, **kwargs)  # type: ignore
           ^^^^^^^^^^^^^^^^^^^^^^^^^^^^^^^^^^^^
  File "/Users/rohanmehta/anaconda3/envs/jax/lib/python3.11/site-packages/wandb/vendor/gql-0.2.0/wandb_gql/client.py", line 52, in execute
    result = self._get_result(document, *args, **kwargs)
             ^^^^^^^^^^^^^^^^^^^^^^^^^^^^^^^^^^^^^^^^^^^
  File "/Users/rohanmehta/anaconda3/envs/jax/lib/python3.11/site-packages/wandb/vendor/gql-0.2.0/wandb_gql/client.py", line 60, in _get_result
    return self.transport.execute(document, *args, **kwargs)
           ^^^^^^^^^^^^^^^^^^^^^^^^^^^^^^^^^^^^^^^^^^^^^^^^^
  File "/Users/rohanmehta/anaconda3/envs/jax/lib/python3.11/site-packages/wandb/sdk/lib/gql_request.py", line 55, in execute
    request = self.session.post(self.url, **post_args)
              ^^^^^^^^^^^^^^^^^^^^^^^^^^^^^^^^^^^^^^^^
  File "/Users/rohanmehta/anaconda3/envs/jax/lib/python3.11/site-packages/requests/sessions.py", line 637, in post
    return self.request("POST", url, data=data, json=json, **kwargs)
           ^^^^^^^^^^^^^^^^^^^^^^^^^^^^^^^^^^^^^^^^^^^^^^^^^^^^^^^^^
  File "/Users/rohanmehta/anaconda3/envs/jax/lib/python3.11/site-packages/requests/sessions.py", line 589, in request
    resp = self.send(prep, **send_kwargs)
           ^^^^^^^^^^^^^^^^^^^^^^^^^^^^^^
  File "/Users/rohanmehta/anaconda3/envs/jax/lib/python3.11/site-packages/requests/sessions.py", line 703, in send
    r = adapter.send(request, **kwargs)
        ^^^^^^^^^^^^^^^^^^^^^^^^^^^^^^^
  File "/Users/rohanmehta/anaconda3/envs/jax/lib/python3.11/site-packages/requests/adapters.py", line 519, in send
    raise ConnectionError(e, request=request)
requests.exceptions.ConnectionError: HTTPSConnectionPool(host='api.wandb.ai', port=443): Max retries exceeded with url: /graphql (Caused by NewConnectionError('<urllib3.connection.HTTPSConnection object at 0x11346d110>: Failed to establish a new connection: [Errno 8] nodename nor servname provided, or not known'))
2023-12-19 16:57:36,626 DEBUG   HandlerThread:35879 [handler.py:handle_request():144] handle_request: keepalive
2023-12-19 16:57:41,643 DEBUG   HandlerThread:35879 [handler.py:handle_request():144] handle_request: keepalive
2023-12-19 16:57:46,661 DEBUG   HandlerThread:35879 [handler.py:handle_request():144] handle_request: keepalive
2023-12-19 16:57:51,676 DEBUG   HandlerThread:35879 [handler.py:handle_request():144] handle_request: keepalive
2023-12-19 16:57:56,701 DEBUG   HandlerThread:35879 [handler.py:handle_request():144] handle_request: keepalive
2023-12-19 16:58:01,716 DEBUG   HandlerThread:35879 [handler.py:handle_request():144] handle_request: keepalive
2023-12-19 16:58:05,829 INFO    SenderThread:35879 [dir_watcher.py:__init__():211] watching files in: /Users/rohanmehta/Desktop/ML Projects/GPT_nano/wandb/run-20231219_165731-9dxs49ih/files
2023-12-19 16:58:05,829 INFO    SenderThread:35879 [sender.py:_start_run_threads():1121] run started: 9dxs49ih with start time 1703023051.563799
2023-12-19 16:58:05,830 DEBUG   SenderThread:35879 [sender.py:send_request():406] send_request: summary_record
2023-12-19 16:58:05,830 DEBUG   HandlerThread:35879 [handler.py:handle_request():144] handle_request: status_report
2023-12-19 16:58:05,830 INFO    SenderThread:35879 [sender.py:_save_file():1375] saving file wandb-summary.json with policy end
2023-12-19 16:58:05,837 DEBUG   HandlerThread:35879 [handler.py:handle_request():144] handle_request: check_version
2023-12-19 16:58:05,837 DEBUG   SenderThread:35879 [sender.py:send_request():406] send_request: check_version
2023-12-19 16:58:06,139 DEBUG   HandlerThread:35879 [handler.py:handle_request():144] handle_request: run_start
2023-12-19 16:58:06,152 DEBUG   HandlerThread:35879 [system_info.py:__init__():31] System info init
2023-12-19 16:58:06,152 DEBUG   HandlerThread:35879 [system_info.py:__init__():46] System info init done
2023-12-19 16:58:06,152 INFO    HandlerThread:35879 [system_monitor.py:start():181] Starting system monitor
2023-12-19 16:58:06,152 INFO    SystemMonitor:35879 [system_monitor.py:_start():145] Starting system asset monitoring threads
2023-12-19 16:58:06,153 INFO    HandlerThread:35879 [system_monitor.py:probe():201] Collecting system info
2023-12-19 16:58:06,153 INFO    SystemMonitor:35879 [interfaces.py:start():190] Started cpu monitoring
2023-12-19 16:58:06,154 DEBUG   HandlerThread:35879 [system_info.py:probe():195] Probing system
2023-12-19 16:58:06,154 INFO    SystemMonitor:35879 [interfaces.py:start():190] Started disk monitoring
2023-12-19 16:58:06,154 INFO    SystemMonitor:35879 [interfaces.py:start():190] Started gpuapple monitoring
2023-12-19 16:58:06,157 INFO    SystemMonitor:35879 [interfaces.py:start():190] Started memory monitoring
2023-12-19 16:58:06,158 INFO    SystemMonitor:35879 [interfaces.py:start():190] Started network monitoring
2023-12-19 16:58:06,168 DEBUG   HandlerThread:35879 [system_info.py:_probe_git():180] Probing git
2023-12-19 16:58:06,194 DEBUG   HandlerThread:35879 [system_info.py:_probe_git():188] Probing git done
2023-12-19 16:58:06,194 DEBUG   HandlerThread:35879 [system_info.py:probe():240] Probing system done
2023-12-19 16:58:06,194 DEBUG   HandlerThread:35879 [system_monitor.py:probe():210] {'os': 'macOS-13.5.1-arm64-arm-64bit', 'python': '3.11.4', 'heartbeatAt': '2023-12-19T21:58:06.154284', 'startedAt': '2023-12-19T21:57:31.549689', 'docker': None, 'cuda': None, 'args': ('--config_path', 'config/shakespeare_char_cpu.yaml'), 'state': 'running', 'program': '/Users/rohanmehta/Desktop/ML Projects/GPT_nano/train.py', 'codePath': 'train.py', 'git': {'remote': 'https://github.com/rohan-mehta-1024/equinox-gpt-nano.git', 'commit': '9e03691b80cdd99f007bcf5ae32b6322d8e9efd3'}, 'email': None, 'root': '/Users/rohanmehta/Desktop/ML Projects/GPT_nano', 'host': 'Rohans-MacBook-Air.local', 'username': 'rohanmehta', 'executable': '/Users/rohanmehta/anaconda3/envs/jax/bin/python', 'cpu_count': 8, 'cpu_count_logical': 8, 'disk': {'total': 460.4317207336426, 'used': 372.4468994140625}, 'gpuapple': {'type': 'arm', 'vendor': 'Apple'}, 'memory': {'total': 8.0}}
2023-12-19 16:58:06,194 INFO    HandlerThread:35879 [system_monitor.py:probe():211] Finished collecting system info
2023-12-19 16:58:06,194 INFO    HandlerThread:35879 [system_monitor.py:probe():214] Publishing system info
2023-12-19 16:58:06,194 DEBUG   HandlerThread:35879 [system_info.py:_save_pip():51] Saving list of pip packages installed into the current environment
2023-12-19 16:58:06,195 DEBUG   HandlerThread:35879 [system_info.py:_save_pip():67] Saving pip packages done
2023-12-19 16:58:06,195 DEBUG   HandlerThread:35879 [system_info.py:_save_conda():74] Saving list of conda packages installed into the current environment
2023-12-19 16:58:06,835 INFO    Thread-12 :35879 [dir_watcher.py:_on_file_created():271] file/dir created: /Users/rohanmehta/Desktop/ML Projects/GPT_nano/wandb/run-20231219_165731-9dxs49ih/files/requirements.txt
2023-12-19 16:58:06,836 INFO    Thread-12 :35879 [dir_watcher.py:_on_file_created():271] file/dir created: /Users/rohanmehta/Desktop/ML Projects/GPT_nano/wandb/run-20231219_165731-9dxs49ih/files/wandb-summary.json
2023-12-19 16:58:06,836 INFO    Thread-12 :35879 [dir_watcher.py:_on_file_created():271] file/dir created: /Users/rohanmehta/Desktop/ML Projects/GPT_nano/wandb/run-20231219_165731-9dxs49ih/files/conda-environment.yaml
2023-12-19 16:58:08,783 DEBUG   HandlerThread:35879 [system_info.py:_save_conda():86] Saving conda packages done
2023-12-19 16:58:08,783 INFO    HandlerThread:35879 [system_monitor.py:probe():216] Finished publishing system info
2023-12-19 16:58:08,786 DEBUG   SenderThread:35879 [sender.py:send():379] send: files
2023-12-19 16:58:08,786 INFO    SenderThread:35879 [sender.py:_save_file():1375] saving file wandb-metadata.json with policy now
2023-12-19 16:58:08,790 DEBUG   HandlerThread:35879 [handler.py:handle_request():144] handle_request: stop_status
2023-12-19 16:58:08,790 DEBUG   SenderThread:35879 [sender.py:send_request():406] send_request: stop_status
2023-12-19 16:58:08,845 INFO    Thread-12 :35879 [dir_watcher.py:_on_file_modified():288] file/dir modified: /Users/rohanmehta/Desktop/ML Projects/GPT_nano/wandb/run-20231219_165731-9dxs49ih/files/conda-environment.yaml
2023-12-19 16:58:08,845 INFO    Thread-12 :35879 [dir_watcher.py:_on_file_created():271] file/dir created: /Users/rohanmehta/Desktop/ML Projects/GPT_nano/wandb/run-20231219_165731-9dxs49ih/files/wandb-metadata.json
2023-12-19 16:58:09,634 DEBUG   SenderThread:35879 [sender.py:send():379] send: telemetry
2023-12-19 16:58:09,850 INFO    Thread-12 :35879 [dir_watcher.py:_on_file_created():271] file/dir created: /Users/rohanmehta/Desktop/ML Projects/GPT_nano/wandb/run-20231219_165731-9dxs49ih/files/output.log
2023-12-19 16:58:10,052 INFO    wandb-upload_0:35879 [upload_job.py:push():131] Uploaded file /var/folders/b3/fwkn33_50zg3rh_zdh1mg98r0000gn/T/tmp_cxdu0_wwandb/1kaql2y1-wandb-metadata.json
2023-12-19 16:58:11,646 DEBUG   HandlerThread:35879 [handler.py:handle_request():144] handle_request: status_report
2023-12-19 16:58:11,858 INFO    Thread-12 :35879 [dir_watcher.py:_on_file_modified():288] file/dir modified: /Users/rohanmehta/Desktop/ML Projects/GPT_nano/wandb/run-20231219_165731-9dxs49ih/files/output.log
2023-12-19 16:58:13,490 DEBUG   HandlerThread:35879 [handler.py:handle_request():144] handle_request: partial_history
2023-12-19 16:58:13,491 DEBUG   SenderThread:35879 [sender.py:send():379] send: history
2023-12-19 16:58:13,491 DEBUG   SenderThread:35879 [sender.py:send_request():406] send_request: summary_record
2023-12-19 16:58:13,491 INFO    SenderThread:35879 [sender.py:_save_file():1375] saving file wandb-summary.json with policy end
2023-12-19 16:58:13,504 DEBUG   SenderThread:35879 [sender.py:send():379] send: exit
2023-12-19 16:58:13,504 INFO    SenderThread:35879 [sender.py:send_exit():584] handling exit code: 1
2023-12-19 16:58:13,505 INFO    SenderThread:35879 [sender.py:send_exit():586] handling runtime: 7
2023-12-19 16:58:13,505 INFO    SenderThread:35879 [sender.py:_save_file():1375] saving file wandb-summary.json with policy end
2023-12-19 16:58:13,505 INFO    SenderThread:35879 [sender.py:send_exit():592] send defer
2023-12-19 16:58:13,505 DEBUG   HandlerThread:35879 [handler.py:handle_request():144] handle_request: defer
2023-12-19 16:58:13,505 INFO    HandlerThread:35879 [handler.py:handle_request_defer():170] handle defer: 0
2023-12-19 16:58:13,505 DEBUG   SenderThread:35879 [sender.py:send_request():406] send_request: defer
2023-12-19 16:58:13,505 INFO    SenderThread:35879 [sender.py:send_request_defer():608] handle sender defer: 0
2023-12-19 16:58:13,505 INFO    SenderThread:35879 [sender.py:transition_state():612] send defer: 1
2023-12-19 16:58:13,505 DEBUG   HandlerThread:35879 [handler.py:handle_request():144] handle_request: defer
2023-12-19 16:58:13,505 INFO    HandlerThread:35879 [handler.py:handle_request_defer():170] handle defer: 1
2023-12-19 16:58:13,505 DEBUG   SenderThread:35879 [sender.py:send_request():406] send_request: defer
2023-12-19 16:58:13,505 INFO    SenderThread:35879 [sender.py:send_request_defer():608] handle sender defer: 1
2023-12-19 16:58:13,505 INFO    SenderThread:35879 [sender.py:transition_state():612] send defer: 2
2023-12-19 16:58:13,505 DEBUG   HandlerThread:35879 [handler.py:handle_request():144] handle_request: defer
2023-12-19 16:58:13,505 INFO    HandlerThread:35879 [handler.py:handle_request_defer():170] handle defer: 2
2023-12-19 16:58:13,505 INFO    HandlerThread:35879 [system_monitor.py:finish():190] Stopping system monitor
2023-12-19 16:58:13,505 DEBUG   SystemMonitor:35879 [system_monitor.py:_start():159] Starting system metrics aggregation loop
2023-12-19 16:58:13,506 DEBUG   SystemMonitor:35879 [system_monitor.py:_start():166] Finished system metrics aggregation loop
2023-12-19 16:58:13,506 INFO    HandlerThread:35879 [interfaces.py:finish():202] Joined cpu monitor
2023-12-19 16:58:13,506 DEBUG   SystemMonitor:35879 [system_monitor.py:_start():170] Publishing last batch of metrics
2023-12-19 16:58:13,506 INFO    HandlerThread:35879 [interfaces.py:finish():202] Joined disk monitor
2023-12-19 16:58:13,506 INFO    HandlerThread:35879 [interfaces.py:finish():202] Joined gpuapple monitor
2023-12-19 16:58:13,506 INFO    HandlerThread:35879 [interfaces.py:finish():202] Joined memory monitor
2023-12-19 16:58:13,506 INFO    HandlerThread:35879 [interfaces.py:finish():202] Joined network monitor
2023-12-19 16:58:13,506 DEBUG   SenderThread:35879 [sender.py:send_request():406] send_request: defer
2023-12-19 16:58:13,506 INFO    SenderThread:35879 [sender.py:send_request_defer():608] handle sender defer: 2
2023-12-19 16:58:13,506 INFO    SenderThread:35879 [sender.py:transition_state():612] send defer: 3
2023-12-19 16:58:13,506 DEBUG   SenderThread:35879 [sender.py:send():379] send: telemetry
2023-12-19 16:58:13,506 DEBUG   HandlerThread:35879 [handler.py:handle_request():144] handle_request: defer
2023-12-19 16:58:13,506 DEBUG   SenderThread:35879 [sender.py:send():379] send: stats
2023-12-19 16:58:13,506 INFO    HandlerThread:35879 [handler.py:handle_request_defer():170] handle defer: 3
2023-12-19 16:58:13,506 DEBUG   SenderThread:35879 [sender.py:send_request():406] send_request: defer
2023-12-19 16:58:13,506 INFO    SenderThread:35879 [sender.py:send_request_defer():608] handle sender defer: 3
2023-12-19 16:58:13,506 INFO    SenderThread:35879 [sender.py:transition_state():612] send defer: 4
2023-12-19 16:58:13,506 DEBUG   HandlerThread:35879 [handler.py:handle_request():144] handle_request: defer
2023-12-19 16:58:13,507 INFO    HandlerThread:35879 [handler.py:handle_request_defer():170] handle defer: 4
2023-12-19 16:58:13,507 DEBUG   SenderThread:35879 [sender.py:send_request():406] send_request: defer
2023-12-19 16:58:13,507 INFO    SenderThread:35879 [sender.py:send_request_defer():608] handle sender defer: 4
2023-12-19 16:58:13,507 INFO    SenderThread:35879 [sender.py:transition_state():612] send defer: 5
2023-12-19 16:58:13,507 DEBUG   HandlerThread:35879 [handler.py:handle_request():144] handle_request: defer
2023-12-19 16:58:13,507 INFO    HandlerThread:35879 [handler.py:handle_request_defer():170] handle defer: 5
2023-12-19 16:58:13,507 DEBUG   SenderThread:35879 [sender.py:send():379] send: summary
2023-12-19 16:58:13,507 INFO    SenderThread:35879 [sender.py:_save_file():1375] saving file wandb-summary.json with policy end
2023-12-19 16:58:13,507 DEBUG   SenderThread:35879 [sender.py:send_request():406] send_request: defer
2023-12-19 16:58:13,507 INFO    SenderThread:35879 [sender.py:send_request_defer():608] handle sender defer: 5
2023-12-19 16:58:13,507 INFO    SenderThread:35879 [sender.py:transition_state():612] send defer: 6
2023-12-19 16:58:13,507 DEBUG   HandlerThread:35879 [handler.py:handle_request():144] handle_request: defer
2023-12-19 16:58:13,507 INFO    HandlerThread:35879 [handler.py:handle_request_defer():170] handle defer: 6
2023-12-19 16:58:13,507 DEBUG   SenderThread:35879 [sender.py:send_request():406] send_request: defer
2023-12-19 16:58:13,507 INFO    SenderThread:35879 [sender.py:send_request_defer():608] handle sender defer: 6
2023-12-19 16:58:13,509 DEBUG   HandlerThread:35879 [handler.py:handle_request():144] handle_request: status_report
2023-12-19 16:58:13,652 INFO    SenderThread:35879 [sender.py:transition_state():612] send defer: 7
2023-12-19 16:58:13,652 DEBUG   HandlerThread:35879 [handler.py:handle_request():144] handle_request: defer
2023-12-19 16:58:13,652 INFO    HandlerThread:35879 [handler.py:handle_request_defer():170] handle defer: 7
2023-12-19 16:58:13,653 DEBUG   SenderThread:35879 [sender.py:send_request():406] send_request: defer
2023-12-19 16:58:13,653 INFO    SenderThread:35879 [sender.py:send_request_defer():608] handle sender defer: 7
2023-12-19 16:58:13,867 INFO    Thread-12 :35879 [dir_watcher.py:_on_file_modified():288] file/dir modified: /Users/rohanmehta/Desktop/ML Projects/GPT_nano/wandb/run-20231219_165731-9dxs49ih/files/wandb-summary.json
2023-12-19 16:58:13,868 INFO    Thread-12 :35879 [dir_watcher.py:_on_file_modified():288] file/dir modified: /Users/rohanmehta/Desktop/ML Projects/GPT_nano/wandb/run-20231219_165731-9dxs49ih/files/config.yaml
2023-12-19 16:58:14,510 DEBUG   HandlerThread:35879 [handler.py:handle_request():144] handle_request: poll_exit
2023-12-19 16:58:15,878 INFO    Thread-12 :35879 [dir_watcher.py:_on_file_modified():288] file/dir modified: /Users/rohanmehta/Desktop/ML Projects/GPT_nano/wandb/run-20231219_165731-9dxs49ih/files/output.log
2023-12-19 16:58:17,504 INFO    SenderThread:35879 [sender.py:transition_state():612] send defer: 8
2023-12-19 16:58:17,504 DEBUG   SenderThread:35879 [sender.py:send_request():406] send_request: poll_exit
2023-12-19 16:58:17,504 DEBUG   HandlerThread:35879 [handler.py:handle_request():144] handle_request: defer
2023-12-19 16:58:17,505 INFO    HandlerThread:35879 [handler.py:handle_request_defer():170] handle defer: 8
2023-12-19 16:58:17,505 DEBUG   SenderThread:35879 [sender.py:send_request():406] send_request: defer
2023-12-19 16:58:17,505 INFO    SenderThread:35879 [sender.py:send_request_defer():608] handle sender defer: 8
2023-12-19 16:58:17,505 INFO    SenderThread:35879 [job_builder.py:build():281] Attempting to build job artifact
2023-12-19 16:58:17,506 INFO    SenderThread:35879 [job_builder.py:_get_source_type():400] is repo sourced job
2023-12-19 16:58:17,509 INFO    SenderThread:35879 [job_builder.py:build():374] adding wandb-job metadata file
2023-12-19 16:58:17,513 INFO    SenderThread:35879 [sender.py:transition_state():612] send defer: 9
2023-12-19 16:58:17,514 DEBUG   HandlerThread:35879 [handler.py:handle_request():144] handle_request: defer
2023-12-19 16:58:17,514 DEBUG   SenderThread:35879 [sender.py:send():379] send: artifact
2023-12-19 16:58:17,514 INFO    HandlerThread:35879 [handler.py:handle_request_defer():170] handle defer: 9
2023-12-19 16:58:17,890 INFO    Thread-12 :35879 [dir_watcher.py:_on_file_modified():288] file/dir modified: /Users/rohanmehta/Desktop/ML Projects/GPT_nano/wandb/run-20231219_165731-9dxs49ih/files/output.log
2023-12-19 16:58:18,680 INFO    wandb-upload_1:35879 [upload_job.py:push():89] Uploaded file /Users/rohanmehta/Library/Application Support/wandb/artifacts/staging/tmp92cv5lhf
2023-12-19 16:58:18,680 INFO    wandb-upload_0:35879 [upload_job.py:push():89] Uploaded file /Users/rohanmehta/Library/Application Support/wandb/artifacts/staging/tmpl03wg6q0
2023-12-19 16:58:19,532 DEBUG   HandlerThread:35879 [handler.py:handle_request():144] handle_request: keepalive
2023-12-19 16:58:19,775 INFO    SenderThread:35879 [sender.py:send_artifact():1475] sent artifact job-https___github.com_rohan-mehta-1024_equinox-gpt-nano.git_train.py - {'id': 'QXJ0aWZhY3Q6NjcwNjY3Mzg4', 'digest': '5fcdd9084b383042d209e3e13e03df22', 'state': 'PENDING', 'aliases': [], 'artifactSequence': {'id': 'QXJ0aWZhY3RDb2xsZWN0aW9uOjEyNDY4OTY2MA==', 'latestArtifact': None}, 'version': 'latest'}
2023-12-19 16:58:19,776 DEBUG   SenderThread:35879 [sender.py:send_request():406] send_request: defer
2023-12-19 16:58:19,776 INFO    SenderThread:35879 [sender.py:send_request_defer():608] handle sender defer: 9
2023-12-19 16:58:19,776 INFO    SenderThread:35879 [dir_watcher.py:finish():358] shutting down directory watcher
2023-12-19 16:58:19,899 INFO    SenderThread:35879 [dir_watcher.py:finish():388] scan: /Users/rohanmehta/Desktop/ML Projects/GPT_nano/wandb/run-20231219_165731-9dxs49ih/files
2023-12-19 16:58:19,899 INFO    SenderThread:35879 [dir_watcher.py:finish():402] scan save: /Users/rohanmehta/Desktop/ML Projects/GPT_nano/wandb/run-20231219_165731-9dxs49ih/files/requirements.txt requirements.txt
2023-12-19 16:58:19,899 INFO    SenderThread:35879 [dir_watcher.py:finish():402] scan save: /Users/rohanmehta/Desktop/ML Projects/GPT_nano/wandb/run-20231219_165731-9dxs49ih/files/output.log output.log
2023-12-19 16:58:19,900 INFO    SenderThread:35879 [dir_watcher.py:finish():402] scan save: /Users/rohanmehta/Desktop/ML Projects/GPT_nano/wandb/run-20231219_165731-9dxs49ih/files/config.yaml config.yaml
2023-12-19 16:58:19,901 INFO    SenderThread:35879 [dir_watcher.py:finish():402] scan save: /Users/rohanmehta/Desktop/ML Projects/GPT_nano/wandb/run-20231219_165731-9dxs49ih/files/wandb-summary.json wandb-summary.json
2023-12-19 16:58:19,901 INFO    SenderThread:35879 [dir_watcher.py:finish():402] scan save: /Users/rohanmehta/Desktop/ML Projects/GPT_nano/wandb/run-20231219_165731-9dxs49ih/files/conda-environment.yaml conda-environment.yaml
2023-12-19 16:58:19,903 INFO    SenderThread:35879 [dir_watcher.py:finish():402] scan save: /Users/rohanmehta/Desktop/ML Projects/GPT_nano/wandb/run-20231219_165731-9dxs49ih/files/wandb-metadata.json wandb-metadata.json
2023-12-19 16:58:19,907 INFO    SenderThread:35879 [sender.py:transition_state():612] send defer: 10
2023-12-19 16:58:19,907 DEBUG   HandlerThread:35879 [handler.py:handle_request():144] handle_request: defer
2023-12-19 16:58:19,907 INFO    HandlerThread:35879 [handler.py:handle_request_defer():170] handle defer: 10
2023-12-19 16:58:19,908 DEBUG   SenderThread:35879 [sender.py:send_request():406] send_request: defer
2023-12-19 16:58:19,908 INFO    SenderThread:35879 [sender.py:send_request_defer():608] handle sender defer: 10
2023-12-19 16:58:19,908 INFO    SenderThread:35879 [file_pusher.py:finish():159] shutting down file pusher
2023-12-19 16:58:20,192 INFO    wandb-upload_0:35879 [upload_job.py:push():131] Uploaded file /Users/rohanmehta/Desktop/ML Projects/GPT_nano/wandb/run-20231219_165731-9dxs49ih/files/output.log
2023-12-19 16:58:20,349 INFO    wandb-upload_1:35879 [upload_job.py:push():131] Uploaded file /Users/rohanmehta/Desktop/ML Projects/GPT_nano/wandb/run-20231219_165731-9dxs49ih/files/requirements.txt
2023-12-19 16:58:20,407 INFO    wandb-upload_4:35879 [upload_job.py:push():131] Uploaded file /Users/rohanmehta/Desktop/ML Projects/GPT_nano/wandb/run-20231219_165731-9dxs49ih/files/conda-environment.yaml
2023-12-19 16:58:20,410 INFO    wandb-upload_3:35879 [upload_job.py:push():131] Uploaded file /Users/rohanmehta/Desktop/ML Projects/GPT_nano/wandb/run-20231219_165731-9dxs49ih/files/wandb-summary.json
2023-12-19 16:58:20,410 INFO    wandb-upload_2:35879 [upload_job.py:push():131] Uploaded file /Users/rohanmehta/Desktop/ML Projects/GPT_nano/wandb/run-20231219_165731-9dxs49ih/files/config.yaml
2023-12-19 16:58:20,615 INFO    Thread-11 (_thread_body):35879 [sender.py:transition_state():612] send defer: 11
2023-12-19 16:58:20,616 DEBUG   HandlerThread:35879 [handler.py:handle_request():144] handle_request: defer
2023-12-19 16:58:20,616 INFO    HandlerThread:35879 [handler.py:handle_request_defer():170] handle defer: 11
2023-12-19 16:58:20,616 DEBUG   SenderThread:35879 [sender.py:send_request():406] send_request: defer
2023-12-19 16:58:20,616 INFO    SenderThread:35879 [sender.py:send_request_defer():608] handle sender defer: 11
2023-12-19 16:58:20,616 INFO    SenderThread:35879 [file_pusher.py:join():164] waiting for file pusher
2023-12-19 16:58:20,616 INFO    SenderThread:35879 [sender.py:transition_state():612] send defer: 12
2023-12-19 16:58:20,617 DEBUG   HandlerThread:35879 [handler.py:handle_request():144] handle_request: defer
2023-12-19 16:58:20,617 INFO    HandlerThread:35879 [handler.py:handle_request_defer():170] handle defer: 12
2023-12-19 16:58:20,617 DEBUG   SenderThread:35879 [sender.py:send_request():406] send_request: defer
2023-12-19 16:58:20,617 INFO    SenderThread:35879 [sender.py:send_request_defer():608] handle sender defer: 12
2023-12-19 16:58:20,617 INFO    SenderThread:35879 [file_stream.py:finish():593] file stream finish called
2023-12-19 16:58:20,723 INFO    SenderThread:35879 [file_stream.py:finish():597] file stream finish is done
2023-12-19 16:58:20,723 INFO    SenderThread:35879 [sender.py:transition_state():612] send defer: 13
2023-12-19 16:58:20,723 DEBUG   HandlerThread:35879 [handler.py:handle_request():144] handle_request: defer
2023-12-19 16:58:20,723 INFO    HandlerThread:35879 [handler.py:handle_request_defer():170] handle defer: 13
2023-12-19 16:58:20,723 DEBUG   SenderThread:35879 [sender.py:send_request():406] send_request: defer
2023-12-19 16:58:20,724 INFO    SenderThread:35879 [sender.py:send_request_defer():608] handle sender defer: 13
2023-12-19 16:58:20,724 INFO    SenderThread:35879 [sender.py:transition_state():612] send defer: 14
2023-12-19 16:58:20,724 DEBUG   HandlerThread:35879 [handler.py:handle_request():144] handle_request: defer
2023-12-19 16:58:20,724 DEBUG   SenderThread:35879 [sender.py:send():379] send: final
2023-12-19 16:58:20,724 INFO    HandlerThread:35879 [handler.py:handle_request_defer():170] handle defer: 14
2023-12-19 16:58:20,724 DEBUG   SenderThread:35879 [sender.py:send():379] send: footer
2023-12-19 16:58:20,725 DEBUG   SenderThread:35879 [sender.py:send_request():406] send_request: defer
2023-12-19 16:58:20,725 INFO    SenderThread:35879 [sender.py:send_request_defer():608] handle sender defer: 14
2023-12-19 16:58:20,725 DEBUG   HandlerThread:35879 [handler.py:handle_request():144] handle_request: poll_exit
2023-12-19 16:58:20,726 DEBUG   SenderThread:35879 [sender.py:send_request():406] send_request: poll_exit
2023-12-19 16:58:20,726 DEBUG   HandlerThread:35879 [handler.py:handle_request():144] handle_request: server_info
2023-12-19 16:58:20,727 DEBUG   SenderThread:35879 [sender.py:send_request():406] send_request: server_info
2023-12-19 16:58:20,727 DEBUG   HandlerThread:35879 [handler.py:handle_request():144] handle_request: get_summary
2023-12-19 16:58:20,729 DEBUG   HandlerThread:35879 [handler.py:handle_request():144] handle_request: sampled_history
2023-12-19 16:58:20,729 DEBUG   HandlerThread:35879 [handler.py:handle_request():144] handle_request: job_info
2023-12-19 16:58:20,819 DEBUG   SenderThread:35879 [sender.py:send_request():406] send_request: job_info
2023-12-19 16:58:20,819 INFO    MainThread:35879 [wandb_run.py:_footer_history_summary_info():3481] rendering history
2023-12-19 16:58:20,820 INFO    MainThread:35879 [wandb_run.py:_footer_history_summary_info():3513] rendering summary
2023-12-19 16:58:20,821 INFO    MainThread:35879 [wandb_run.py:_footer_sync_info():3440] logging synced files
2023-12-19 16:58:20,821 DEBUG   HandlerThread:35879 [handler.py:handle_request():144] handle_request: shutdown
2023-12-19 16:58:20,821 INFO    HandlerThread:35879 [handler.py:finish():861] shutting down handler
2023-12-19 16:58:21,731 INFO    WriterThread:35879 [datastore.py:close():294] close: /Users/rohanmehta/Desktop/ML Projects/GPT_nano/wandb/run-20231219_165731-9dxs49ih/run-9dxs49ih.wandb
2023-12-19 16:58:21,821 INFO    SenderThread:35879 [sender.py:finish():1552] shutting down sender
2023-12-19 16:58:21,821 INFO    SenderThread:35879 [file_pusher.py:finish():159] shutting down file pusher
2023-12-19 16:58:21,822 INFO    SenderThread:35879 [file_pusher.py:join():164] waiting for file pusher
